Traceback (most recent call last):
  File "C:\Users\Luis\anaconda3\lib\site-packages\jupyter_cache\executors\utils.py", line 58, in single_nb_execution
    executenb(
  File "C:\Users\Luis\anaconda3\lib\site-packages\nbclient\client.py", line 1204, in execute
    return NotebookClient(nb=nb, resources=resources, km=km, **kwargs).execute()
  File "C:\Users\Luis\anaconda3\lib\site-packages\nbclient\util.py", line 84, in wrapped
    return just_run(coro(*args, **kwargs))
  File "C:\Users\Luis\anaconda3\lib\site-packages\nbclient\util.py", line 62, in just_run
    return loop.run_until_complete(coro)
  File "C:\Users\Luis\anaconda3\lib\asyncio\base_events.py", line 647, in run_until_complete
    return future.result()
  File "C:\Users\Luis\anaconda3\lib\site-packages\nbclient\client.py", line 663, in async_execute
    await self.async_execute_cell(
  File "C:\Users\Luis\anaconda3\lib\site-packages\nbclient\client.py", line 965, in async_execute_cell
    await self._check_raise_for_error(cell, cell_index, exec_reply)
  File "C:\Users\Luis\anaconda3\lib\site-packages\nbclient\client.py", line 862, in _check_raise_for_error
    raise CellExecutionError.from_cell_and_msg(cell, exec_reply_content)
nbclient.exceptions.CellExecutionError: An error occurred while executing the following cell:
------------------
---
caption: Figura 1.1: Una imagen de cómo funciona la probabilidad frecuentista. Si lanzas una moneda justa una y otra vez, la proporción de caras deja de fluctuar y converge hacia la probabilidad real de 0.5. Cada panel muestra uno de las cuatro simulaciones con 1.000 lanzamientos cada uno. Aunque ninguna de estas simulaciones terminó con un valor exacto de .5, si hubiéramos extendido el experimento por un número infinito de lanzamientos lo habríamos conseguido. 
---
emphCol <- rgb(0,0,1)
emphColLight <- rgb(.5,.5,1)
emphGrey <- grey(.5)
eps <- TRUE
colour <- TRUE
	width <- 12
	height <- 8
	def.par <- par(no.readonly = TRUE)
	layout( matrix(1:4,2,2) )
	for( i in 1:4 ) {
		
		X <- as.numeric( runif(1000) > .5 )
		X <- cumsum(X) / (1:1000)
		plot( 1:1000, X, type="l", ylim=c(.3,.7), col=ifelse(colour,emphCol,emphGrey),
			xlab = "Número de lanzadas", ylab = "Proporción de caras", lwd=3
			) 
		abline(h=.5,lty=2,col=emphGrey,lwd=2)
		
	}
	par(def.par)#- reset to default
------------------

Error in parse(text = x, srcfile = src): <text>:2:17: unexpected numeric constant
1: ---
2: caption: Figura 1.1
                   ^
Traceback:

ERROR: Error in parse(text = x, srcfile = src): <text>:2:17: unexpected numeric constant
1: ---
2: caption: Figura 1.1
                   ^


